{"/Users/roonake/Desktop/Wolt-Assignment/src/utils/deliveryFeeCalc.ts": {"path":"/Users/roonake/Desktop/Wolt-Assignment/src/utils/deliveryFeeCalc.ts","statementMap":{"0":{"start":{"line":3,"column":30},"end":{"line":3,"column":31}},"1":{"start":{"line":5,"column":4},"end":{"line":9,"column":null}},"2":{"start":{"line":6,"column":8},"end":{"line":6,"column":24}},"3":{"start":{"line":8,"column":8},"end":{"line":8,"column":73}},"4":{"start":{"line":10,"column":5},"end":{"line":10,"column":null}},"5":{"start":{"line":14,"column":0},"end":{"line":14,"column":null}}},"fnMap":{"0":{"name":"deliveryFeeCalc","decl":{"start":{"line":2,"column":10},"end":{"line":2,"column":25}},"loc":{"start":{"line":2,"column":50},"end":{"line":11,"column":1}}}},"branchMap":{"0":{"loc":{"start":{"line":5,"column":4},"end":{"line":9,"column":null}},"type":"if","locations":[{"start":{"line":5,"column":4},"end":{"line":9,"column":null}},{"start":{"line":7,"column":11},"end":{"line":9,"column":null}}]}},"s":{"0":2,"1":2,"2":1,"3":1,"4":2,"5":1},"f":{"0":2},"b":{"0":[1,1]}}
,"/Users/roonake/Desktop/Wolt-Assignment/src/utils/surchargesCalc.ts": {"path":"/Users/roonake/Desktop/Wolt-Assignment/src/utils/surchargesCalc.ts","statementMap":{"0":{"start":{"line":3,"column":29},"end":{"line":3,"column":43}},"1":{"start":{"line":4,"column":28},"end":{"line":4,"column":29}},"2":{"start":{"line":6,"column":5},"end":{"line":12,"column":null}},"3":{"start":{"line":7,"column":8},"end":{"line":7,"column":31}},"4":{"start":{"line":8,"column":11},"end":{"line":12,"column":null}},"5":{"start":{"line":9,"column":8},"end":{"line":9,"column":55}},"6":{"start":{"line":10,"column":11},"end":{"line":12,"column":null}},"7":{"start":{"line":11,"column":8},"end":{"line":11,"column":42}},"8":{"start":{"line":13,"column":4},"end":{"line":13,"column":null}},"9":{"start":{"line":17,"column":0},"end":{"line":17,"column":null}}},"fnMap":{"0":{"name":"surchargeCalc","decl":{"start":{"line":2,"column":10},"end":{"line":2,"column":23}},"loc":{"start":{"line":2,"column":62},"end":{"line":14,"column":1}}}},"branchMap":{"0":{"loc":{"start":{"line":6,"column":5},"end":{"line":12,"column":null}},"type":"if","locations":[{"start":{"line":6,"column":5},"end":{"line":12,"column":null}},{"start":{"line":8,"column":11},"end":{"line":12,"column":null}}]},"1":{"loc":{"start":{"line":6,"column":9},"end":{"line":6,"column":43}},"type":"binary-expr","locations":[{"start":{"line":6,"column":9},"end":{"line":6,"column":23}},{"start":{"line":6,"column":27},"end":{"line":6,"column":43}}]},"2":{"loc":{"start":{"line":8,"column":11},"end":{"line":12,"column":null}},"type":"if","locations":[{"start":{"line":8,"column":11},"end":{"line":12,"column":null}},{"start":{"line":10,"column":11},"end":{"line":12,"column":null}}]},"3":{"loc":{"start":{"line":8,"column":15},"end":{"line":8,"column":48}},"type":"binary-expr","locations":[{"start":{"line":8,"column":15},"end":{"line":8,"column":29}},{"start":{"line":8,"column":33},"end":{"line":8,"column":48}}]},"4":{"loc":{"start":{"line":10,"column":11},"end":{"line":12,"column":null}},"type":"if","locations":[{"start":{"line":10,"column":11},"end":{"line":12,"column":null}}]},"5":{"loc":{"start":{"line":10,"column":15},"end":{"line":10,"column":49}},"type":"binary-expr","locations":[{"start":{"line":10,"column":15},"end":{"line":10,"column":30}},{"start":{"line":10,"column":34},"end":{"line":10,"column":49}}]}},"s":{"0":3,"1":3,"2":3,"3":1,"4":2,"5":1,"6":1,"7":1,"8":3,"9":1},"f":{"0":3},"b":{"0":[1,2],"1":[3,2],"2":[1,1],"3":[2,1],"4":[1],"5":[1,1]}}
}
