{"/Users/roonake/Desktop/Wolt-Assignment/src/utils/deliveryFeeCalc.ts": {"path":"/Users/roonake/Desktop/Wolt-Assignment/src/utils/deliveryFeeCalc.ts","statementMap":{"0":{"start":{"line":3,"column":30},"end":{"line":3,"column":31}},"1":{"start":{"line":5,"column":4},"end":{"line":9,"column":null}},"2":{"start":{"line":6,"column":8},"end":{"line":6,"column":24}},"3":{"start":{"line":8,"column":8},"end":{"line":8,"column":73}},"4":{"start":{"line":11,"column":5},"end":{"line":11,"column":null}},"5":{"start":{"line":15,"column":0},"end":{"line":15,"column":null}}},"fnMap":{"0":{"name":"deliveryFeeCalc","decl":{"start":{"line":2,"column":10},"end":{"line":2,"column":25}},"loc":{"start":{"line":2,"column":50},"end":{"line":12,"column":1}}}},"branchMap":{"0":{"loc":{"start":{"line":5,"column":4},"end":{"line":9,"column":null}},"type":"if","locations":[{"start":{"line":5,"column":4},"end":{"line":9,"column":null}},{"start":{"line":7,"column":11},"end":{"line":9,"column":null}}]}},"s":{"0":2,"1":2,"2":1,"3":1,"4":2,"5":1},"f":{"0":2},"b":{"0":[1,1]}}
}
