TN:
SF:src/utils/deliveryFeeCalc.ts
FN:2,deliveryFeeCalc
FNF:1
FNH:1
FNDA:2,deliveryFeeCalc
DA:3,2
DA:5,2
DA:6,1
DA:8,1
DA:11,2
DA:15,1
LF:6
LH:6
BRDA:5,0,0,1
BRDA:5,0,1,1
BRF:2
BRH:2
end_of_record
TN:
SF:src/utils/surchargesCalc.ts
FN:2,surchargeCalc
FNF:1
FNH:1
FNDA:3,surchargeCalc
DA:3,3
DA:4,3
DA:6,3
DA:7,1
DA:8,2
DA:9,1
DA:10,1
DA:11,1
DA:13,3
DA:17,1
LF:10
LH:10
BRDA:6,0,0,1
BRDA:6,0,1,2
BRDA:6,1,0,3
BRDA:6,1,1,2
BRDA:8,2,0,1
BRDA:8,2,1,1
BRDA:8,3,0,2
BRDA:8,3,1,1
BRDA:10,4,0,1
BRDA:10,5,0,1
BRDA:10,5,1,1
BRF:11
BRH:11
end_of_record
